<?xml version="1.0" encoding="UTF-8"?>
<testsuite name="CalculadorCombustibleTest" tests="2" skipped="0" failures="0" errors="0" timestamp="2023-08-16T01:19:23" hostname="DESKTOP-TDQUFPI" time="0.007">
  <properties/>
  <testcase name="testCalcularCombustibleAvionComercial()" classname="CalculadorCombustibleTest" time="0.004"/>
  <testcase name="testCalcularCombustibleAvionPrivado()" classname="CalculadorCombustibleTest" time="0.001"/>
  <system-out><![CDATA[]]></system-out>
  <system-err><![CDATA[]]></system-err>
</testsuite>
